Arguments: 
  C:\Program Files\nodejs\node.exe C:\Users\stefa\.yarn\releases\yarn-1.22.17.js

PATH: 
  C:\Program Files\Git\mingw64\bin;C:\Program Files\Git\usr\bin;C:\Users\stefa\bin;C:\Program Files (x86)\Microsoft SDKs\Azure\CLI2\wbin;C:\ProgramData\Oracle\Java\javapath;C:\Windows\system32;C:\Windows;C:\Windows\System32\Wbem;C:\Windows\System32\WindowsPowerShell\v1.0;C:\Program Files (x86)\GtkSharp\2.12\bin;C:\Program Files (x86)\Windows Kits\8.1\Windows Performance Toolkit;C:\WINDOWS\system32;C:\WINDOWS;C:\WINDOWS\System32\Wbem;C:\WINDOWS\System32\WindowsPowerShell\v1.0;C:\WINDOWS\System32\OpenSSH;C:\Program Files\NVIDIA Corporation\NVIDIA NvDLISR;C:\Program Files (x86)\NVIDIA Corporation\PhysX\Common;C:\Program Files\dotnet;C:\Program Files (x86)\Microsoft VS Code\bin;G:\QuickTime\QTSystem;C:\Program Files (x86)\Yarn\bin;C:\Users\stefa\AppData\Local\hyper\app-3.0.2\resources\bin;C:\terraform;C:\Program Files\OpenVPN\bin;C:\Program Files (x86)\Microsoft SQL Server\150\DTS\Binn;C:\WINDOWS\system32;C:\WINDOWS;C:\WINDOWS\System32\Wbem;C:\WINDOWS\System32\WindowsPowerShell\v1.0;C:\WINDOWS\System32\OpenSSH;C:\Program Files\Git\cmd;C:\ProgramData\chocolatey\bin;C:\Program Files\Docker\Docker\resources\bin;C:\ProgramData\DockerDesktop\version-bin;C:\Program Files (x86)\AOMEI\AOMEI Backupper\6.7.0;C:\Program Files\nodejs;C:\Program Files\Gource\cmd;C:\Program Files\Microsoft SQL Server\Client SDK\ODBC\170\Tools\Binn;C:\Program Files (x86)\Microsoft SQL Server\150\Tools\Binn;C:\Program Files\Microsoft SQL Server\150\Tools\Binn;C:\Program Files\Microsoft SQL Server\150\DTS\Binn;C:\Users\stefa\AppData\Local\Microsoft\WindowsApps;C:\Program Files (x86)\Microsoft VS Code\bin;C:\Users\stefa\AppData\Local\.meteor;C:\Users\stefa\AppData\Local\Yarn\bin;C:\Program Files\heroku\bin;C:\Users\stefa\AppData\Local\Android\Sdk\tools;C:\Users\stefa\AppData\Local\Android\Sdk\platform-tools;C:\Users\stefa\AppData\Local\Programs\Hyper\resources\bin;C:\Users\stefa\AppData\Roaming\npm

Yarn version: 
  1.22.17

Node version: 
  18.12.1

Platform: 
  win32 x64

Trace: 
  Error: https://registry.yarnpkg.com/@fontsource%2ffira-mono: error:0A00018E:SSL routines::ca md too weak
      at node:internal/tls/secure-context:69:13
      at Array.forEach (<anonymous>)
      at setCerts (node:internal/tls/secure-context:67:3)
      at configSecureContext (node:internal/tls/secure-context:156:5)
      at Object.createSecureContext (node:_tls_common:117:3)
      at Object.connect (node:_tls_wrap:1629:48)
      at Agent.createConnection (node:https:150:22)
      at Agent.createSocket (node:_http_agent:350:26)
      at Agent.addRequest (node:_http_agent:297:10)
      at new ClientRequest (node:_http_client:335:16)

npm manifest: 
  {
  	"name": "aoc2022",
  	"version": "0.0.1",
  	"scripts": {
  		"dev": "vite dev",
  		"build": "vite build",
  		"preview": "vite preview",
  		"check": "svelte-kit sync && svelte-check --tsconfig ./tsconfig.json",
  		"check:watch": "svelte-kit sync && svelte-check --tsconfig ./tsconfig.json --watch",
  		"test:unit": "vitest",
  		"lint": "prettier --plugin-search-dir . --check . && eslint .",
  		"format": "prettier --plugin-search-dir . --write ."
  	},
  	"devDependencies": {
  		"@fontsource/fira-mono": "^4.5.10",
  		"@neoconfetti/svelte": "^1.0.0",
  		"@sveltejs/adapter-auto": "next",
  		"@sveltejs/kit": "next",
  		"@types/cookie": "^0.5.1",
  		"@typescript-eslint/eslint-plugin": "^5.45.0",
  		"@typescript-eslint/parser": "^5.45.0",
  		"eslint": "^8.28.0",
  		"eslint-config-prettier": "^8.5.0",
  		"eslint-plugin-svelte3": "^4.0.0",
  		"prettier": "^2.8.0",
  		"prettier-plugin-svelte": "^2.8.1",
  		"svelte": "^3.53.1",
  		"svelte-check": "^2.9.2",
  		"svelte-preprocess": "^4.10.7",
  		"tslib": "^2.4.1",
  		"typescript": "^4.9.3",
  		"vite": "^3.2.4",
  		"vitest": "^0.25.3"
  	},
  	"type": "module"
  }

yarn manifest: 
  No manifest

Lockfile: 
  No lockfile
